<?xml version="1.0" encoding="UTF-8"?>
<!-- Generated by org.testng.reporters.JUnitXMLReporter -->
<testsuite hostname="LAPTOP-29E7URT6" ignored="7" name="Default test" tests="4" failures="2" timestamp="31 May 2021 08:08:00 GMT" time="0.065" errors="0">
  <testcase name="@BeforeClass getClassName" time="0.0" classname="companyName.ProjectName.ModuleName.testCases.CreateAnNewAccount2">
    <skipped/>
  </testcase> <!-- @BeforeClass getClassName -->
  <testcase name="createAnNewAccount1" time="0.016" classname="companyName.ProjectName.ModuleName.testCases.CreateAnNewAccount1">
    <failure type="java.lang.NullPointerException">
      <![CDATA[java.lang.NullPointerException
at companyName.ProjectName.ModuleName.utilities.CommonMethods.verifyPageTitle(CommonMethods.java:71)
at companyName.ProjectName.ModuleName.pages.HomePage.createAnNewAccount(HomePage.java:12)
at companyName.ProjectName.ModuleName.testCases.CreateAnNewAccount1.createAnNewAccount1(CreateAnNewAccount1.java:26)
at sun.reflect.NativeMethodAccessorImpl.invoke0(Native Method)
at sun.reflect.NativeMethodAccessorImpl.invoke(Unknown Source)
at sun.reflect.DelegatingMethodAccessorImpl.invoke(Unknown Source)
at java.lang.reflect.Method.invoke(Unknown Source)
at org.testng.internal.MethodInvocationHelper.invokeMethod(MethodInvocationHelper.java:124)
at org.testng.internal.Invoker.invokeMethod(Invoker.java:583)
at org.testng.internal.Invoker.invokeTestMethod(Invoker.java:719)
at org.testng.internal.Invoker.invokeTestMethods(Invoker.java:989)
at org.testng.internal.TestMethodWorker.invokeTestMethods(TestMethodWorker.java:125)
at org.testng.internal.TestMethodWorker.run(TestMethodWorker.java:109)
at org.testng.TestRunner.privateRun(TestRunner.java:648)
at org.testng.TestRunner.run(TestRunner.java:505)
at org.testng.SuiteRunner.runTest(SuiteRunner.java:455)
at org.testng.SuiteRunner.runSequentially(SuiteRunner.java:450)
at org.testng.SuiteRunner.privateRun(SuiteRunner.java:415)
at org.testng.SuiteRunner.run(SuiteRunner.java:364)
at org.testng.SuiteRunnerWorker.runSuite(SuiteRunnerWorker.java:52)
at org.testng.SuiteRunnerWorker.run(SuiteRunnerWorker.java:84)
at org.testng.TestNG.runSuitesSequentially(TestNG.java:1208)
at org.testng.TestNG.runSuitesLocally(TestNG.java:1137)
at org.testng.TestNG.runSuites(TestNG.java:1049)
at org.testng.TestNG.run(TestNG.java:1017)
at org.testng.remote.AbstractRemoteTestNG.run(AbstractRemoteTestNG.java:115)
at org.testng.remote.RemoteTestNG.initAndRun(RemoteTestNG.java:251)
at org.testng.remote.RemoteTestNG.main(RemoteTestNG.java:77)
]]>
    </failure>
  </testcase> <!-- createAnNewAccount1 -->
  <testcase name="name" time="0.0" classname="companyName.ProjectName.ModuleName.rough.ClassNameTestddsfsfsf"/>
  <testcase name="createAnNewAccount2" time="0.0" classname="companyName.ProjectName.ModuleName.testCases.CreateAnNewAccount2">
    <skipped/>
  </testcase> <!-- createAnNewAccount2 -->
  <testcase name="createAnNewAccount3" time="0.0" classname="companyName.ProjectName.ModuleName.testCases.CreateAnNewAccount3">
    <failure type="java.lang.NullPointerException">
      <![CDATA[java.lang.NullPointerException
at companyName.ProjectName.ModuleName.utilities.CommonMethods.verifyPageTitle(CommonMethods.java:71)
at companyName.ProjectName.ModuleName.pages.HomePage.createAnNewAccount(HomePage.java:12)
at companyName.ProjectName.ModuleName.testCases.CreateAnNewAccount3.createAnNewAccount3(CreateAnNewAccount3.java:26)
at sun.reflect.NativeMethodAccessorImpl.invoke0(Native Method)
at sun.reflect.NativeMethodAccessorImpl.invoke(Unknown Source)
at sun.reflect.DelegatingMethodAccessorImpl.invoke(Unknown Source)
at java.lang.reflect.Method.invoke(Unknown Source)
at org.testng.internal.MethodInvocationHelper.invokeMethod(MethodInvocationHelper.java:124)
at org.testng.internal.Invoker.invokeMethod(Invoker.java:583)
at org.testng.internal.Invoker.invokeTestMethod(Invoker.java:719)
at org.testng.internal.Invoker.invokeTestMethods(Invoker.java:989)
at org.testng.internal.TestMethodWorker.invokeTestMethods(TestMethodWorker.java:125)
at org.testng.internal.TestMethodWorker.run(TestMethodWorker.java:109)
at org.testng.TestRunner.privateRun(TestRunner.java:648)
at org.testng.TestRunner.run(TestRunner.java:505)
at org.testng.SuiteRunner.runTest(SuiteRunner.java:455)
at org.testng.SuiteRunner.runSequentially(SuiteRunner.java:450)
at org.testng.SuiteRunner.privateRun(SuiteRunner.java:415)
at org.testng.SuiteRunner.run(SuiteRunner.java:364)
at org.testng.SuiteRunnerWorker.runSuite(SuiteRunnerWorker.java:52)
at org.testng.SuiteRunnerWorker.run(SuiteRunnerWorker.java:84)
at org.testng.TestNG.runSuitesSequentially(TestNG.java:1208)
at org.testng.TestNG.runSuitesLocally(TestNG.java:1137)
at org.testng.TestNG.runSuites(TestNG.java:1049)
at org.testng.TestNG.run(TestNG.java:1017)
at org.testng.remote.AbstractRemoteTestNG.run(AbstractRemoteTestNG.java:115)
at org.testng.remote.RemoteTestNG.initAndRun(RemoteTestNG.java:251)
at org.testng.remote.RemoteTestNG.main(RemoteTestNG.java:77)
]]>
    </failure>
  </testcase> <!-- createAnNewAccount3 -->
  <testcase name="@BeforeSuite initialization" time="0.0" classname="companyName.ProjectName.ModuleName.testBase.TestBase">
    <ignored/>
  </testcase> <!-- @BeforeSuite initialization -->
  <testcase name="@BeforeSuite initialization" time="0.0" classname="companyName.ProjectName.ModuleName.testBase.TestBase">
    <ignored/>
  </testcase> <!-- @BeforeSuite initialization -->
  <testcase name="@BeforeSuite initialization" time="0.0" classname="companyName.ProjectName.ModuleName.testBase.TestBase">
    <ignored/>
  </testcase> <!-- @BeforeSuite initialization -->
  <testcase name="@BeforeSuite initialization" time="0.0" classname="companyName.ProjectName.ModuleName.testBase.TestBase">
    <ignored/>
  </testcase> <!-- @BeforeSuite initialization -->
  <testcase name="@BeforeSuite initialization" time="0.0" classname="companyName.ProjectName.ModuleName.testBase.TestBase">
    <ignored/>
  </testcase> <!-- @BeforeSuite initialization -->
  <testcase name="@BeforeSuite initialization" time="0.0" classname="companyName.ProjectName.ModuleName.testBase.TestBase">
    <ignored/>
  </testcase> <!-- @BeforeSuite initialization -->
  <testcase name="@BeforeSuite initialization" time="0.0" classname="companyName.ProjectName.ModuleName.testBase.TestBase">
    <ignored/>
  </testcase> <!-- @BeforeSuite initialization -->
</testsuite> <!-- Default test -->
