<?xml version="1.0" encoding="UTF-8"?>
<testng-results skipped="0" failed="1" total="3" passed="2">
  <reporter-output>
  </reporter-output>
  <suite name="Regression Testing" duration-ms="85005" started-at="2021-05-16T04:08:29Z" finished-at="2021-05-16T04:09:54Z">
    <groups>
    </groups>
    <test name="Regression" duration-ms="85005" started-at="2021-05-16T04:08:29Z" finished-at="2021-05-16T04:09:54Z">
      <class name="companyName.ProjectName.ModuleName.testCases.CreateAnNewAccount1">
        <test-method status="PASS" signature="initialization()[pri:0, instance:companyName.ProjectName.ModuleName.testCases.CreateAnNewAccount1@133e16fd]" name="initialization" is-config="true" duration-ms="1245" started-at="2021-05-16T09:38:28Z" finished-at="2021-05-16T09:38:29Z">
          <reporter-output>
          </reporter-output>
        </test-method> <!-- initialization -->
        <test-method status="PASS" signature="getClassName()[pri:0, instance:companyName.ProjectName.ModuleName.testCases.CreateAnNewAccount1@133e16fd]" name="getClassName" is-config="true" duration-ms="1" started-at="2021-05-16T09:38:29Z" finished-at="2021-05-16T09:38:29Z">
          <reporter-output>
          </reporter-output>
        </test-method> <!-- getClassName -->
        <test-method status="PASS" signature="createAnNewAccount1(java.util.Hashtable)[pri:0, instance:companyName.ProjectName.ModuleName.testCases.CreateAnNewAccount1@133e16fd]" name="createAnNewAccount1" duration-ms="22283" started-at="2021-05-16T09:38:29Z" data-provider="data_Collection" finished-at="2021-05-16T09:38:52Z">
          <params>
            <param index="0">
              <value>
                <![CDATA[{User_Name=Selenium Trainer, Application_Name=My Store, Iteration=1.0, Last_Name=Trainer, Address=Pune, Password=PWD12, City=Pune, Gender=Male, First_Name=Selenium, Email_Address=test1232131@test.com, State=MH, Value2=ALREADY REGISTERED?, Value1=CREATE AN ACCOUNT}]]>
              </value>
            </param>
          </params>
          <reporter-output>
          </reporter-output>
        </test-method> <!-- createAnNewAccount1 -->
      </class> <!-- companyName.ProjectName.ModuleName.testCases.CreateAnNewAccount1 -->
      <class name="companyName.ProjectName.ModuleName.testCases.CreateAnNewAccount2">
        <test-method status="PASS" signature="getClassName()[pri:0, instance:companyName.ProjectName.ModuleName.testCases.CreateAnNewAccount2@51b279c9]" name="getClassName" is-config="true" duration-ms="0" started-at="2021-05-16T09:39:04Z" finished-at="2021-05-16T09:39:04Z">
          <reporter-output>
          </reporter-output>
        </test-method> <!-- getClassName -->
        <test-method status="FAIL" signature="createAnNewAccount2(java.util.Hashtable)[pri:0, instance:companyName.ProjectName.ModuleName.testCases.CreateAnNewAccount2@51b279c9]" name="createAnNewAccount2" duration-ms="15760" started-at="2021-05-16T09:39:04Z" data-provider="data_Collection" finished-at="2021-05-16T09:39:20Z">
          <params>
            <param index="0">
              <value>
                <![CDATA[{User_Name=Selenium Trainer, Application_Name=My Store, Iteration=1.0, Last_Name=xyz, Address=Pune, Password=PWD12, City=Pune, Gender=Male, First_Name=Sangita, Email_Address=test1232131@test.com, State=MH, Value2=ALREADY REGISTERED?, Value1=CREATE AN ACCOUNT}]]>
              </value>
            </param>
          </params>
          <exception class="java.lang.AssertionError">
            <message>
              <![CDATA[User not able to enter Sangita in First Name field.]]>
            </message>
            <full-stacktrace>
              <![CDATA[java.lang.AssertionError: User not able to enter Sangita in First Name field.
	at org.testng.Assert.fail(Assert.java:94)
	at companyName.ProjectName.ModuleName.utilities.CommonMethods.enterValueIntoTextBox(CommonMethods.java:29)
	at companyName.ProjectName.ModuleName.testCases.CreateAnNewAccount2.createAnNewAccount2(CreateAnNewAccount2.java:36)
	at sun.reflect.NativeMethodAccessorImpl.invoke0(Native Method)
	at sun.reflect.NativeMethodAccessorImpl.invoke(Unknown Source)
	at sun.reflect.DelegatingMethodAccessorImpl.invoke(Unknown Source)
	at java.lang.reflect.Method.invoke(Unknown Source)
	at org.testng.internal.MethodInvocationHelper.invokeMethod(MethodInvocationHelper.java:85)
	at org.testng.internal.Invoker.invokeMethod(Invoker.java:639)
	at org.testng.internal.Invoker.invokeTestMethod(Invoker.java:816)
	at org.testng.internal.Invoker.invokeTestMethods(Invoker.java:1124)
	at org.testng.internal.TestMethodWorker.invokeTestMethods(TestMethodWorker.java:125)
	at org.testng.internal.TestMethodWorker.run(TestMethodWorker.java:108)
	at org.testng.TestRunner.privateRun(TestRunner.java:774)
	at org.testng.TestRunner.run(TestRunner.java:624)
	at org.testng.SuiteRunner.runTest(SuiteRunner.java:359)
	at org.testng.SuiteRunner.runSequentially(SuiteRunner.java:354)
	at org.testng.SuiteRunner.privateRun(SuiteRunner.java:312)
	at org.testng.SuiteRunner.run(SuiteRunner.java:261)
	at org.testng.SuiteRunnerWorker.runSuite(SuiteRunnerWorker.java:52)
	at org.testng.SuiteRunnerWorker.run(SuiteRunnerWorker.java:86)
	at org.testng.TestNG.runSuitesSequentially(TestNG.java:1215)
	at org.testng.TestNG.runSuitesLocally(TestNG.java:1140)
	at org.testng.TestNG.run(TestNG.java:1048)
	at org.apache.maven.surefire.testng.TestNGExecutor.run(TestNGExecutor.java:295)
	at org.apache.maven.surefire.testng.TestNGXmlTestSuite.execute(TestNGXmlTestSuite.java:84)
	at org.apache.maven.surefire.testng.TestNGProvider.invoke(TestNGProvider.java:90)
	at org.apache.maven.surefire.booter.ForkedBooter.invokeProviderInSameClassLoader(ForkedBooter.java:203)
	at org.apache.maven.surefire.booter.ForkedBooter.runSuitesInProcess(ForkedBooter.java:155)
	at org.apache.maven.surefire.booter.ForkedBooter.main(ForkedBooter.java:103)
]]>
            </full-stacktrace>
          </exception> <!-- java.lang.AssertionError -->
          <reporter-output>
          </reporter-output>
        </test-method> <!-- createAnNewAccount2 -->
      </class> <!-- companyName.ProjectName.ModuleName.testCases.CreateAnNewAccount2 -->
      <class name="companyName.ProjectName.ModuleName.testCases.CreateAnNewAccount3">
        <test-method status="PASS" signature="getClassName()[pri:0, instance:companyName.ProjectName.ModuleName.testCases.CreateAnNewAccount3@1ad282e0]" name="getClassName" is-config="true" duration-ms="1" started-at="2021-05-16T09:39:27Z" finished-at="2021-05-16T09:39:27Z">
          <reporter-output>
          </reporter-output>
        </test-method> <!-- getClassName -->
        <test-method status="PASS" signature="createAnNewAccount3(java.util.Hashtable)[pri:0, instance:companyName.ProjectName.ModuleName.testCases.CreateAnNewAccount3@1ad282e0]" name="createAnNewAccount3" duration-ms="20820" started-at="2021-05-16T09:39:27Z" data-provider="data_Collection" finished-at="2021-05-16T09:39:47Z">
          <params>
            <param index="0">
              <value>
                <![CDATA[{User_Name=Selenium Trainer, Application_Name=My Store, Iteration=1.0, Last_Name=pqr, Address=Pune, Password=PWD12, City=Pune, Gender=Male, First_Name=Sachin, Email_Address=test1232131@test.com, State=MH, Value2=ALREADY REGISTERED?, Value1=CREATE AN ACCOUNT}]]>
              </value>
            </param>
          </params>
          <reporter-output>
          </reporter-output>
        </test-method> <!-- createAnNewAccount3 -->
      </class> <!-- companyName.ProjectName.ModuleName.testCases.CreateAnNewAccount3 -->
    </test> <!-- Regression -->
  </suite> <!-- Regression Testing -->
</testng-results>
